<?xml version="1.0" encoding="UTF-8"?>
<!-- Generated by org.testng.reporters.JUnitXMLReporter -->
<testsuite ignored="1" hostname="DESKTOP-HD0B0VP" failures="0" tests="2" name="Test" time="105.068" errors="0" timestamp="2021-08-24T14:24:09 IST">
  <testcase classname="com.vtiger.comcast.opportunityTest.CreateOpportunityScenarioTest" name="CreateOppSalesStageQualTest" time="38.232"/>
  <testcase classname="com.vtiger.comcast.opportunityTest.CreateOpportunityScenarioTest" name="createNewOppSalesStageAnalysisTest" time="26.058"/>
  <testcase classname="com.vtiger.comcast.opportunityTest.CreateOpportunityScenarioTest" name="createOpportunityTest" time="0.0">
    <ignored/>
  </testcase> <!-- createOpportunityTest -->
</testsuite> <!-- Test -->
