<?xml version="1.0" encoding="UTF-8"?>
<!-- Generated by org.testng.reporters.JUnitXMLReporter -->
<testsuite ignored="2" hostname="DESKTOP-HD0B0VP" failures="0" tests="1" name="Test" time="39.015" errors="0" timestamp="2021-08-24T14:26:05 IST">
  <testcase classname="com.vtiger.comcast.opportunityTest.CreateOpportunityScenarioTest" name="createNewOppSalesStageAnalysisTest" time="21.243"/>
  <testcase classname="com.vtiger.comcast.opportunityTest.CreateOpportunityScenarioTest" name="CreateOppSalesStageQualTest" time="0.0">
    <ignored/>
  </testcase> <!-- CreateOppSalesStageQualTest -->
  <testcase classname="com.vtiger.comcast.opportunityTest.CreateOpportunityScenarioTest" name="createOpportunityTest" time="0.0">
    <ignored/>
  </testcase> <!-- createOpportunityTest -->
</testsuite> <!-- Test -->
